<?xml version="1.0" encoding="UTF-8"?>
<!-- Generated by org.testng.reporters.JUnitReportReporter -->
<testsuite skipped="0" hostname="LAPTOP-NPUH3IM2" name="com.testing.features.Assert_Concept" tests="1" failures="0" timestamp="2021-11-28T23:42:09 IST" time="0.125" errors="0">
  <testcase name="demo" time="0.125" classname="com.testing.features.Assert_Concept"/>
  <system-out/>
</testsuite> <!-- com.testing.features.Assert_Concept -->
