<?xml version="1.0" encoding="UTF-8"?>
<!-- Generated by org.testng.reporters.JUnitReportReporter -->
<testsuite name="com.testing.features.Simple_Annotations" tests="3" time="0.015" ignored="0" failures="0" timestamp="26 Nov 2021 17:47:55 GMT" skipped="0" hostname="LAPTOP-NPUH3IM2" errors="0">
  <testcase name="dress" time="0.009" classname="com.testing.features.Simple_Annotations"/>
  <testcase name="women" time="0.004" classname="com.testing.features.Simple_Annotations"/>
  <testcase name="tshirts" time="0.002" classname="com.testing.features.Simple_Annotations"/>
</testsuite> <!-- com.testing.features.Simple_Annotations -->
