<?xml version="1.0" encoding="UTF-8"?>
<!-- Generated by org.testng.reporters.JUnitReportReporter -->
<testsuite skipped="0" hostname="LAPTOP-NPUH3IM2" name="com.testing.features.Grouping_Test" tests="4" failures="0" timestamp="2021-11-29T00:02:18 IST" time="0.000" errors="0">
  <testcase name="wynk" time="0.000" classname="com.testing.features.Grouping_Test"/>
  <system-out/>
  <testcase name="whatsapp" time="0.000" classname="com.testing.features.Grouping_Test"/>
  <system-out/>
  <testcase name="spotify" time="0.000" classname="com.testing.features.Grouping_Test"/>
  <system-out/>
  <testcase name="facebook" time="0.000" classname="com.testing.features.Grouping_Test"/>
  <system-out/>
</testsuite> <!-- com.testing.features.Grouping_Test -->
