<?xml version="1.0" encoding="UTF-8"?>
<!-- Generated by org.testng.reporters.JUnitReportReporter -->
<testsuite skipped="0" hostname="LAPTOP-NPUH3IM2" name="com.testing.features.Priority_Concept" tests="4" failures="0" timestamp="2021-11-28T19:36:30 IST" time="0.021" errors="0">
  <testcase name="setProperty" time="0.021" classname="com.testing.features.Priority_Concept"/>
  <system-out/>
  <testcase name="url" time="0.000" classname="com.testing.features.Priority_Concept"/>
  <system-out/>
  <testcase name="browserLaunch" time="0.000" classname="com.testing.features.Priority_Concept"/>
  <system-out/>
  <testcase name="windowMax" time="0.000" classname="com.testing.features.Priority_Concept"/>
  <system-out/>
</testsuite> <!-- com.testing.features.Priority_Concept -->
