<?xml version="1.0" encoding="UTF-8"?>
<!-- Generated by org.testng.reporters.JUnitReportReporter -->
<testsuite skipped="0" hostname="LAPTOP-NPUH3IM2" name="com.testing.features.Data_Provider" tests="3" failures="0" timestamp="2021-11-29T22:34:40 IST" time="0.035" errors="0">
  <testcase name="credentials" time="0.005" classname="com.testing.features.Data_Provider"/>
  <system-out/>
  <testcase name="credentials" time="0.004" classname="com.testing.features.Data_Provider"/>
  <system-out/>
  <testcase name="credentials" time="0.026" classname="com.testing.features.Data_Provider"/>
  <system-out/>
</testsuite> <!-- com.testing.features.Data_Provider -->
