<?xml version="1.0" encoding="UTF-8"?>
<!-- Generated by org.testng.reporters.JUnitReportReporter -->
<testsuite skipped="1" hostname="LAPTOP-NPUH3IM2" name="com.testing.features.Ignore_Case" tests="2" failures="0" timestamp="2021-11-26T23:46:05 IST" time="0.012" errors="0">
  <testcase name="tshirts" time="0.012" classname="com.testing.features.Ignore_Case"/>
  <system-out/>
  <testcase name="children" classname="com.testing.features.Ignore_Case">
    <skipped/>
  </testcase> <!-- children -->
  <system-out/>
</testsuite> <!-- com.testing.features.Ignore_Case -->
