<?xml version="1.0" encoding="UTF-8"?>
<!-- Generated by org.testng.reporters.JUnitReportReporter -->
<testsuite skipped="0" hostname="LAPTOP-NPUH3IM2" name="com.testing.features.Invocation_Count" tests="7" failures="0" timestamp="2021-11-28T19:43:18 IST" time="0.032" errors="0">
  <testcase name="setProperty" time="0.016" classname="com.testing.features.Invocation_Count"/>
  <system-out/>
  <testcase name="refresh" time="0.000" classname="com.testing.features.Invocation_Count"/>
  <system-out/>
  <testcase name="refresh" time="0.000" classname="com.testing.features.Invocation_Count"/>
  <system-out/>
  <testcase name="refresh" time="0.000" classname="com.testing.features.Invocation_Count"/>
  <system-out/>
  <testcase name="refresh" time="0.000" classname="com.testing.features.Invocation_Count"/>
  <system-out/>
  <testcase name="refresh" time="0.000" classname="com.testing.features.Invocation_Count"/>
  <system-out/>
  <testcase name="click" time="0.016" classname="com.testing.features.Invocation_Count"/>
  <system-out/>
</testsuite> <!-- com.testing.features.Invocation_Count -->
