<?xml version="1.0" encoding="UTF-8"?>
<!-- Generated by org.testng.reporters.JUnitReportReporter -->
<testsuite skipped="0" hostname="LAPTOP-NPUH3IM2" name="com.testng.Testng_Run" tests="14" failures="0" timestamp="2021-11-30T18:44:48 IST" time="185.142" errors="0">
  <testcase name="session" time="27.207" classname="com.testng.Testng_Run"/>
  <system-out/>
  <testcase name="women" time="10.345" classname="com.testng.Testng_Run"/>
  <system-out/>
  <testcase name="dresses" time="14.030" classname="com.testng.Testng_Run"/>
  <system-out/>
  <testcase name="casual" time="14.384" classname="com.testng.Testng_Run"/>
  <system-out/>
  <testcase name="printed" time="16.607" classname="com.testng.Testng_Run"/>
  <system-out/>
  <testcase name="quantity" time="3.230" classname="com.testng.Testng_Run"/>
  <system-out/>
  <testcase name="cart" time="0.176" classname="com.testng.Testng_Run"/>
  <system-out/>
  <testcase name="proceed" time="31.595" classname="com.testng.Testng_Run"/>
  <system-out/>
  <testcase name="email" time="0.238" classname="com.testng.Testng_Run"/>
  <system-out/>
  <testcase name="createAcc" time="0.112" classname="com.testng.Testng_Run"/>
  <system-out/>
  <testcase name="sign_In" time="38.707" classname="com.testng.Testng_Run"/>
  <system-out/>
  <testcase name="proceed_To" time="15.861" classname="com.testng.Testng_Run"/>
  <system-out/>
  <testcase name="cgv" time="0.104" classname="com.testng.Testng_Run"/>
  <system-out/>
  <testcase name="final_proceed" time="12.546" classname="com.testng.Testng_Run"/>
  <system-out/>
</testsuite> <!-- com.testng.Testng_Run -->
